#
# There is insufficient memory for the Java Runtime Environment to continue.
# Native memory allocation (mmap) failed to map 134217728 bytes for G1 virtual space
# Possible reasons:
#   The system is out of physical RAM or swap space
#   The process is running with CompressedOops enabled, and the Java Heap may be blocking the growth of the native heap
# Possible solutions:
#   Reduce memory load on the system
#   Increase physical memory or swap space
#   Check if swap backing store is full
#   Decrease Java heap size (-Xmx/-Xms)
#   Decrease number of Java threads
#   Decrease Java thread stack sizes (-Xss)
#   Set larger code cache with -XX:ReservedCodeCacheSize=
#   JVM is running with Unscaled Compressed Oops mode in which the Java heap is
#     placed in the first 4GB address space. The Java Heap base address is the
#     maximum limit for the native heap growth. Please use -XX:HeapBaseMinAddress
#     to set the Java Heap base and to place the Java Heap above 4GB virtual address.
# This output file may be truncated or incomplete.
#
#  Out of Memory Error (os_windows.cpp:3469), pid=17484, tid=13432
#
# JRE version:  (17.0.1+12) (build )
# Java VM: Java HotSpot(TM) 64-Bit Server VM (17.0.1+12-LTS-39, mixed mode, sharing, tiered, compressed oops, compressed class ptrs, g1 gc, windows-amd64)
# No core dump will be written. Minidumps are not enabled by default on client versions of Windows
#

---------------  S U M M A R Y ------------

Command Line: -DRHDA_TOKEN=d1c58f5e-2895-4ecb-9388-1f804a11b2cc -DRHDA_SOURCE=vscode -DEXHORT_SYFT_PATH=syft -DEXHORT_SKOPEO_PATH=skopeo -DEXHORT_DOCKER_PATH=docker -DEXHORT_PODMAN_PATH=podman c:\Users\DELL\.vscode\extensions\redhat.fabric8-analytics-0.9.5\dist/../javaApiAdapter/exhort-java-api-adapter-1.0-SNAPSHOT-jar-with-dependencies.jar json python:3.9-slim

Host: Intel(R) Core(TM) i5-4210U CPU @ 1.70GHz, 4 cores, 7G,  Windows 10 , 64 bit Build 19041 (10.0.19041.4957)
Time: Tue Nov 12 16:44:36 2024 Maroc (heure d64 bit Build 19041 (10.0.19041.4957) elapsed time: 0.168404 seconds (0d 0h 0m 0s)

---------------  T H R E A D  ---------------

Current thread (0x000001a7aadedff0):  JavaThread "Unknown thread" [_thread_in_vm, id=13432, stack(0x00000054bd700000,0x00000054bd800000)]

Stack: [0x00000054bd700000,0x00000054bd800000]
Native frames: (J=compiled Java code, j=interpreted, Vv=VM code, C=native code)
V  [jvm.dll+0x66fa1a]
V  [jvm.dll+0x7ce5a4]
V  [jvm.dll+0x7cfd4e]
V  [jvm.dll+0x7d03b3]
V  [jvm.dll+0x242b05]
V  [jvm.dll+0x66ca39]
V  [jvm.dll+0x661502]
V  [jvm.dll+0x30081b]
V  [jvm.dll+0x307da6]
V  [jvm.dll+0x357a1e]
V  [jvm.dll+0x357c4f]
V  [jvm.dll+0x2d7ad8]
V  [jvm.dll+0x2d8a44]
V  [jvm.dll+0x7a01e1]
V  [jvm.dll+0x365791]
V  [jvm.dll+0x77f6cc]
V  [jvm.dll+0x3e812f]
V  [jvm.dll+0x3e9bd1]
C  [jli.dll+0x527b]
C  [ucrtbase.dll+0x21bb2]
C  [KERNEL32.DLL+0x17374]
C  [ntdll.dll+0x4cc91]


---------------  P R O C E S S  ---------------

Threads class SMR info:
_java_thread_list=0x00007ffe3d4c7818, length=0, elements={
}

Java Threads: ( => current thread )

Other Threads:
  0x000001a7acff7ef0 GCTaskThread "GC Thread#0" [stack: 0x00000054bd800000,0x00000054bd900000] [id=12664]
  0x000001a7ad008bf0 ConcurrentGCThread "G1 Main Marker" [stack: 0x00000054bd900000,0x00000054bda00000] [id=18128]
  0x000001a7ad009600 ConcurrentGCThread "G1 Conc#0" [stack: 0x00000054bda00000,0x00000054bdb00000] [id=16660]

[error occurred during error reporting (printing all threads), id 0xc0000005, EXCEPTION_ACCESS_VIOLATION (0xc0000005) at pc=0x00007ffe3cd184b7]

VM state: not at safepoint (not fully initialized)

VM Mutex/Monitor currently owned by a thread:  ([mutex/lock_event])
[0x000001a7aadea530] Heap_lock - owner thread: 0x000001a7aadedff0

Heap address: 0x0000000081200000, size: 2030 MB, Compressed Oops mode: 32-bit

CDS archive(s) mapped at: [0x0000000000000000-0x0000000000000000-0x0000000000000000), size 0, SharedBaseAddress: 0x0000000800000000, ArchiveRelocationMode: 0.
Narrow klass base: 0x0000000000000000, Narrow klass shift: 0, Narrow klass range: 0x0

GC Precious Log:
<Empty>

Heap:
 garbage-first heap   total 0K, used 0K [0x0000000081200000, 0x0000000100000000)
  region size 1024K, 0 young (0K), 0 survivors (0K)

[error occurred during error reporting (printing heap information), id 0xc0000005, EXCEPTION_ACCESS_VIOLATION (0xc0000005) at pc=0x00007ffe3d0f8d89]

GC Heap History (0 events):
No events

Deoptimization events (0 events):
No events

Classes unloaded (0 events):
No events

Classes redefined (0 events):
No events

Internal exceptions (0 events):
No events

VM Operations (0 events):
No events

Events (1 events):
Event: 0.085 Loaded shared library C:\Program Files\Java\jdk-17.0.1\bin\java.dll


Dynamic libraries:
0x00007ff6fd060000 - 0x00007ff6fd070000 	C:\Program Files\Java\jdk-17.0.1\bin\java.exe
0x00007ffe57890000 - 0x00007ffe57a88000 	C:\WINDOWS\SYSTEM32\ntdll.dll
0x00007ffe56df0000 - 0x00007ffe56eb2000 	C:\WINDOWS\System32\KERNEL32.DLL
0x00007ffe55280000 - 0x00007ffe5557e000 	C:\WINDOWS\System32\KERNELBASE.dll
0x00007ffe55180000 - 0x00007ffe55280000 	C:\WINDOWS\System32\ucrtbase.dll
0x00007ffe37440000 - 0x00007ffe37458000 	C:\Program Files\Java\jdk-17.0.1\bin\jli.dll
0x00007ffe56800000 - 0x00007ffe568b2000 	C:\WINDOWS\System32\ADVAPI32.dll
0x00007ffe57650000 - 0x00007ffe576ee000 	C:\WINDOWS\System32\msvcrt.dll
0x00007ffe56ef0000 - 0x00007ffe56f90000 	C:\WINDOWS\System32\sechost.dll
0x00007ffe576f0000 - 0x00007ffe57813000 	C:\WINDOWS\System32\RPCRT4.dll
0x00007ffe54f30000 - 0x00007ffe54f57000 	C:\WINDOWS\System32\bcrypt.dll
0x00007ffe56bb0000 - 0x00007ffe56d4d000 	C:\WINDOWS\System32\USER32.dll
0x00007ffe54f60000 - 0x00007ffe54f82000 	C:\WINDOWS\System32\win32u.dll
0x00007ffe57820000 - 0x00007ffe5784b000 	C:\WINDOWS\System32\GDI32.dll
0x00007ffe55720000 - 0x00007ffe55837000 	C:\WINDOWS\System32\gdi32full.dll
0x00007ffe55580000 - 0x00007ffe5561d000 	C:\WINDOWS\System32\msvcp_win.dll
0x00007ffe37420000 - 0x00007ffe3743a000 	C:\Program Files\Java\jdk-17.0.1\bin\VCRUNTIME140.dll
0x00007ffe475b0000 - 0x00007ffe4784a000 	C:\WINDOWS\WinSxS\amd64_microsoft.windows.common-controls_6595b64144ccf1df_6.0.19041.4355_none_60b8b9eb71f62e16\COMCTL32.dll
0x00007ffe45a00000 - 0x00007ffe45a0a000 	C:\WINDOWS\SYSTEM32\VERSION.dll
0x00007ffe56ec0000 - 0x00007ffe56eef000 	C:\WINDOWS\System32\IMM32.DLL
0x00007ffe37410000 - 0x00007ffe3741c000 	C:\Program Files\Java\jdk-17.0.1\bin\vcruntime140_1.dll
0x00007ffe37380000 - 0x00007ffe3740d000 	C:\Program Files\Java\jdk-17.0.1\bin\msvcp140.dll
0x00007ffe3ca30000 - 0x00007ffe3d5ee000 	C:\Program Files\Java\jdk-17.0.1\bin\server\jvm.dll
0x00007ffe568e0000 - 0x00007ffe568e8000 	C:\WINDOWS\System32\PSAPI.DLL
0x00007ffe3f130000 - 0x00007ffe3f139000 	C:\WINDOWS\SYSTEM32\WSOCK32.dll
0x00007ffe56960000 - 0x00007ffe569cb000 	C:\WINDOWS\System32\WS2_32.dll
0x00007ffe47b30000 - 0x00007ffe47b57000 	C:\WINDOWS\SYSTEM32\WINMM.dll
0x00007ffe52d70000 - 0x00007ffe52d82000 	C:\WINDOWS\SYSTEM32\kernel.appcore.dll
0x00007ffe3baa0000 - 0x00007ffe3baaa000 	C:\Program Files\Java\jdk-17.0.1\bin\jimage.dll
0x00007ffe43790000 - 0x00007ffe43974000 	C:\WINDOWS\SYSTEM32\DBGHELP.DLL
0x00007ffe430c0000 - 0x00007ffe430f4000 	C:\WINDOWS\SYSTEM32\dbgcore.DLL
0x00007ffe550f0000 - 0x00007ffe55172000 	C:\WINDOWS\System32\bcryptPrimitives.dll
0x00007ffe3abc0000 - 0x00007ffe3abe5000 	C:\Program Files\Java\jdk-17.0.1\bin\java.dll

dbghelp: loaded successfully - version: 4.0.5 - missing functions: none
symbol engine: initialized successfully - sym options: 0x614 - pdb path: .;C:\Program Files\Java\jdk-17.0.1\bin;C:\WINDOWS\SYSTEM32;C:\WINDOWS\WinSxS\amd64_microsoft.windows.common-controls_6595b64144ccf1df_6.0.19041.4355_none_60b8b9eb71f62e16;C:\Program Files\Java\jdk-17.0.1\bin\server

VM Arguments:
jvm_args: -DRHDA_TOKEN=d1c58f5e-2895-4ecb-9388-1f804a11b2cc -DRHDA_SOURCE=vscode -DEXHORT_SYFT_PATH=syft -DEXHORT_SKOPEO_PATH=skopeo -DEXHORT_DOCKER_PATH=docker -DEXHORT_PODMAN_PATH=podman 
java_command: c:\Users\DELL\.vscode\extensions\redhat.fabric8-analytics-0.9.5\dist/../javaApiAdapter/exhort-java-api-adapter-1.0-SNAPSHOT-jar-with-dependencies.jar json python:3.9-slim
java_class_path (initial): c:\Users\DELL\.vscode\extensions\redhat.fabric8-analytics-0.9.5\dist/../javaApiAdapter/exhort-java-api-adapter-1.0-SNAPSHOT-jar-with-dependencies.jar
Launcher Type: SUN_STANDARD

[Global flags]
     intx CICompilerCount                          = 3                                         {product} {ergonomic}
     uint ConcGCThreads                            = 1                                         {product} {ergonomic}
     uint G1ConcRefinementThreads                  = 4                                         {product} {ergonomic}
   size_t G1HeapRegionSize                         = 1048576                                   {product} {ergonomic}
    uintx GCDrainStackTargetSize                   = 64                                        {product} {ergonomic}
   size_t InitialHeapSize                          = 134217728                                 {product} {ergonomic}
   size_t MarkStackSize                            = 4194304                                   {product} {ergonomic}
   size_t MaxHeapSize                              = 2128609280                                {product} {ergonomic}
   size_t MinHeapDeltaBytes                        = 1048576                                   {product} {ergonomic}
   size_t MinHeapSize                              = 8388608                                   {product} {ergonomic}
    uintx NonNMethodCodeHeapSize                   = 5832780                                {pd product} {ergonomic}
    uintx NonProfiledCodeHeapSize                  = 122912730                              {pd product} {ergonomic}
    uintx ProfiledCodeHeapSize                     = 122912730                              {pd product} {ergonomic}
    uintx ReservedCodeCacheSize                    = 251658240                              {pd product} {ergonomic}
     bool SegmentedCodeCache                       = true                                      {product} {ergonomic}
   size_t SoftMaxHeapSize                          = 2128609280                             {manageable} {ergonomic}
     bool UseCompressedClassPointers               = true                           {product lp64_product} {ergonomic}
     bool UseCompressedOops                        = true                           {product lp64_product} {ergonomic}
     bool UseG1GC                                  = true                                      {product} {ergonomic}
     bool UseLargePagesIndividualAllocation        = false                                  {pd product} {ergonomic}

Logging:
Log output configuration:
 #0: stdout all=warning uptime,level,tags
 #1: stderr all=off uptime,level,tags

Environment Variables:
JAVA_HOME=C:\Program Files\Java\jdk-17.0.1
PATH=C:\oraclexe\app\oracle\product\11.2.0\server\bin;C:\Program Files (x86)\VMware\VMware Workstation\bin\;C:\Program Files\Common Files\Oracle\Java\javapath;C:\WINDOWS\system32;C:\WINDOWS;C:\WINDOWS\System32\Wbem;C:\WINDOWS\System32\WindowsPowerShell\v1.0\;C:\WINDOWS\System32\OpenSSH\;C:\Program Files\Java\jdk-17.0.1\bin;C:\Program Files\Git\cmd;C:\Users\DELL\Desktop\3RD YEAR\S2\theorie des langages et compilation\extracted folder;C:\Program Files\CodeBlocks\MinGW\bin;C:\Program Files\Dev-Cpp\MinGW64\bin;C:\Program Files\Dev-Cpp\MinGW64\x86_64-w64-mingw32\bin;C:\Program Files\Dev-Cpp\MinGW64\lib;C:\Program Files\Dev-Cpp\MinGW64\lib;C:\Program Files\Dev-Cpp\MinGW64\include;C:\Program Files\Dev-Cpp\MinGW64\x86_64-w64-mingw32\include;C:\Program Files\Dev-Cpp\MinGW64\lib\gcc\x86_64-w64-mingw32\4.9.2\include;C:\Program Files\Dev-Cpp\bin;C:\Program Files\PuTTY\;C:\win_flex_bison3-latest;C:\xampp\php;C:\ProgramData\ComposerSetup\bin;C:\Program Files\apache-maven-3.9.4\bin;C:\ProgramData\chocolatey\bin;C:\Users\DELL\AppData\Roaming\nvm;C:\Program Files\nodejs;C:\Program Files\Docker\Docker\resources\bin;C:\Users\DELL\AppData\Roaming\npm;C:\Program Files\CMake\bin;C:\Users\DELL\AppData\Local\Programs\Python\Python313\Scripts\;C:\Users\DELL\AppData\Local\Programs\Python\Python313\;C:\Users\DELL\Android\Sdk;C:\Users\DELL\AppData\Local\Programs\Microsoft VS Code\bin;C:\Program Files\JetBrains\PyCharm Community Edition 2024.2.4\bin;
USERNAME=DELL
OS=Windows_NT
PROCESSOR_IDENTIFIER=Intel64 Family 6 Model 69 Stepping 1, GenuineIntel



---------------  S Y S T E M  ---------------

OS:
 Windows 10 , 64 bit Build 19041 (10.0.19041.4957)
OS uptime: 0 days 20:03 hours
Hyper-V role detected

CPU: total 4 (initial active 4) (2 cores per cpu, 2 threads per core) family 6 model 69 stepping 1 microcode 0x25, cx8, cmov, fxsr, ht, mmx, sse, sse2, sse3, ssse3, sse4.1, sse4.2, popcnt, lzcnt, tsc, tscinvbit, avx, avx2, aes, erms, clmul, bmi1, bmi2, fma, vzeroupper, clflush, hv

Memory: 4k page, system-wide physical 8113M (1654M free)
TotalPageFile size 15803M (AvailPageFile size 37M)
current process WorkingSet (physical memory assigned to process): 10M, peak: 10M
current process commit charge ("private bytes"): 51M, peak: 179M

vm_info: Java HotSpot(TM) 64-Bit Server VM (17.0.1+12-LTS-39) for windows-amd64 JRE (17.0.1+12-LTS-39), built on Sep 27 2021 18:41:35 by "mach5one" with MS VC++ 16.8 (VS2019)

END.
